# JRE version: Java(TM) SE Runtime Environment (18.0.1.1+2) (build 18.0.1.1+2-6)
# Java VM: Java HotSpot(TM) 64-Bit Server VM (18.0.1.1+2-6, mixed mode, sharing, tiered, compressed oops, compressed class ptrs, g1 gc, windows-amd64)
GC Precious Log:
 CardTable entry size: 512
 Card Set container configuration: InlinePtr #cards 4 size 8 Array Of Cards #cards 16 size 48 Howl #buckets 8 coarsen threshold 3686 Howl Bitmap #cards 512 size 80 coarsen threshold 460 Card regions per heap region 1 cards per card region 4096
 CPUs: 4 total, 4 available
 Memory: 16271M
 Large Page Support: Disabled
 NUMA Support: Disabled
 Compressed Oops: Enabled (Zero based)
 Heap Region Size: 2M
 Heap Min Capacity: 8M
 Heap Initial Capacity: 256M
 Heap Max Capacity: 4068M
 Pre-touch: Disabled
 Parallel Workers: 4
 Concurrent Workers: 1
 Concurrent Refinement Workers: 4
 Periodic GC: Disabled
Heap:
 garbage-first heap   total 55296K, used 29821K [0x0000000701c00000, 0x0000000800000000)
  region size 2048K, 9 young (18432K), 2 survivors (4096K)
 Metaspace       used 38145K, committed 38592K, reserved 1114112K
  class space    used 4389K, committed 4608K, reserved 1048576K
GC Heap History (20 events):
Event: 334.866 GC heap before
{Heap before GC invocations=18 (full 3):
 garbage-first heap   total 55296K, used 18224K [0x0000000701c00000, 0x0000000800000000)
  region size 2048K, 3 young (6144K), 2 survivors (4096K)
 Metaspace       used 37455K, committed 37952K, reserved 1114112K
  class space    used 4372K, committed 4608K, reserved 1048576K
}
Event: 334.901 GC heap after
{Heap after GC invocations=19 (full 4):
 garbage-first heap   total 55296K, used 15100K [0x0000000701c00000, 0x0000000800000000)
  region size 2048K, 0 young (0K), 0 survivors (0K)
 Metaspace       used 37452K, committed 37952K, reserved 1114112K
  class space    used 4371K, committed 4608K, reserved 1048576K
}
Event: 335.155 GC heap before
{Heap before GC invocations=19 (full 4):
 garbage-first heap   total 55296K, used 39676K [0x0000000701c00000, 0x0000000800000000)
  region size 2048K, 12 young (24576K), 0 survivors (0K)
 Metaspace       used 37540K, committed 38016K, reserved 1114112K
  class space    used 4374K, committed 4608K, reserved 1048576K
}
Event: 335.158 GC heap after
{Heap after GC invocations=20 (full 4):
 garbage-first heap   total 55296K, used 17430K [0x0000000701c00000, 0x0000000800000000)
  region size 2048K, 2 young (4096K), 2 survivors (4096K)
 Metaspace       used 37540K, committed 38016K, reserved 1114112K
  class space    used 4374K, committed 4608K, reserved 1048576K
}
Event: 395.699 GC heap before
{Heap before GC invocations=20 (full 4):
 garbage-first heap   total 55296K, used 35862K [0x0000000701c00000, 0x0000000800000000)
  region size 2048K, 12 young (24576K), 2 survivors (4096K)
 Metaspace       used 37631K, committed 38144K, reserved 1114112K
  class space    used 4376K, committed 4608K, reserved 1048576K
}
Event: 395.729 GC heap after
{Heap after GC invocations=21 (full 5):
 garbage-first heap   total 55296K, used 15147K [0x0000000701c00000, 0x0000000800000000)
  region size 2048K, 0 young (0K), 0 survivors (0K)
 Metaspace       used 37628K, committed 38144K, reserved 1114112K
  class space    used 4376K, committed 4608K, reserved 1048576K
}
Event: 396.013 GC heap before
{Heap before GC invocations=21 (full 5):
 garbage-first heap   total 55296K, used 39723K [0x0000000701c00000, 0x0000000800000000)
  region size 2048K, 12 young (24576K), 0 survivors (0K)
 Metaspace       used 37726K, committed 38208K, reserved 1114112K
  class space    used 4378K, committed 4608K, reserved 1048576K
}
Event: 396.015 GC heap after
{Heap after GC invocations=22 (full 5):
 garbage-first heap   total 55296K, used 17664K [0x0000000701c00000, 0x0000000800000000)
  region size 2048K, 2 young (4096K), 2 survivors (4096K)
 Metaspace       used 37726K, committed 38208K, reserved 1114112K
  class space    used 4378K, committed 4608K, reserved 1048576K
}
Event: 538.951 GC heap before
{Heap before GC invocations=22 (full 5):
 garbage-first heap   total 55296K, used 36096K [0x0000000701c00000, 0x0000000800000000)
  region size 2048K, 12 young (24576K), 2 survivors (4096K)
 Metaspace       used 37821K, committed 38336K, reserved 1114112K
  class space    used 4380K, committed 4608K, reserved 1048576K
}
Event: 538.989 GC heap after
{Heap after GC invocations=23 (full 6):
 garbage-first heap   total 55296K, used 15186K [0x0000000701c00000, 0x0000000800000000)
  region size 2048K, 0 young (0K), 0 survivors (0K)
 Metaspace       used 37819K, committed 38336K, reserved 1114112K
  class space    used 4379K, committed 4608K, reserved 1048576K
}
Event: 539.226 GC heap before
{Heap before GC invocations=23 (full 6):
 garbage-first heap   total 55296K, used 39762K [0x0000000701c00000, 0x0000000800000000)
  region size 2048K, 12 young (24576K), 0 survivors (0K)
 Metaspace       used 37863K, committed 38400K, reserved 1114112K
  class space    used 4381K, committed 4608K, reserved 1048576K
}
Event: 539.229 GC heap after
{Heap after GC invocations=24 (full 6):
 garbage-first heap   total 55296K, used 17679K [0x0000000701c00000, 0x0000000800000000)
  region size 2048K, 2 young (4096K), 2 survivors (4096K)
 Metaspace       used 37863K, committed 38400K, reserved 1114112K
  class space    used 4381K, committed 4608K, reserved 1048576K
}
Event: 558.049 GC heap before
{Heap before GC invocations=24 (full 6):
 garbage-first heap   total 55296K, used 34063K [0x0000000701c00000, 0x0000000800000000)
  region size 2048K, 11 young (22528K), 2 survivors (4096K)
 Metaspace       used 37937K, committed 38400K, reserved 1114112K
  class space    used 4383K, committed 4608K, reserved 1048576K
}
Event: 558.081 GC heap after
{Heap after GC invocations=25 (full 7):
 garbage-first heap   total 55296K, used 15227K [0x0000000701c00000, 0x0000000800000000)
  region size 2048K, 0 young (0K), 0 survivors (0K)
 Metaspace       used 37934K, committed 38400K, reserved 1114112K
  class space    used 4382K, committed 4608K, reserved 1048576K
}
Event: 558.313 GC heap before
{Heap before GC invocations=25 (full 7):
 garbage-first heap   total 55296K, used 39803K [0x0000000701c00000, 0x0000000800000000)
  region size 2048K, 12 young (24576K), 0 survivors (0K)
 Metaspace       used 37995K, committed 38464K, reserved 1114112K
  class space    used 4385K, committed 4608K, reserved 1048576K
}
Event: 558.316 GC heap after
{Heap after GC invocations=26 (full 7):
 garbage-first heap   total 55296K, used 17605K [0x0000000701c00000, 0x0000000800000000)
  region size 2048K, 2 young (4096K), 2 survivors (4096K)
 Metaspace       used 37995K, committed 38464K, reserved 1114112K
  class space    used 4385K, committed 4608K, reserved 1048576K
}
Event: 571.038 GC heap before
{Heap before GC invocations=26 (full 7):
 garbage-first heap   total 55296K, used 33989K [0x0000000701c00000, 0x0000000800000000)
  region size 2048K, 11 young (22528K), 2 survivors (4096K)
 Metaspace       used 38063K, committed 38592K, reserved 1114112K
  class space    used 4388K, committed 4608K, reserved 1048576K
}
Event: 571.072 GC heap after
{Heap after GC invocations=27 (full 8):
 garbage-first heap   total 55296K, used 15266K [0x0000000701c00000, 0x0000000800000000)
  region size 2048K, 0 young (0K), 0 survivors (0K)
 Metaspace       used 38060K, committed 38592K, reserved 1114112K
  class space    used 4387K, committed 4608K, reserved 1048576K
}
Event: 571.308 GC heap before
{Heap before GC invocations=27 (full 8):
 garbage-first heap   total 55296K, used 39842K [0x0000000701c00000, 0x0000000800000000)
  region size 2048K, 12 young (24576K), 0 survivors (0K)
 Metaspace       used 38104K, committed 38592K, reserved 1114112K
  class space    used 4388K, committed 4608K, reserved 1048576K
}
Event: 571.311 GC heap after
{Heap after GC invocations=28 (full 8):
 garbage-first heap   total 55296K, used 17533K [0x0000000701c00000, 0x0000000800000000)
  region size 2048K, 2 young (4096K), 2 survivors (4096K)
 Metaspace       used 38104K, committed 38592K, reserved 1114112K
  class space    used 4388K, committed 4608K, reserved 1048576K
}

